2025-08-04 16:02:15,203 - WARNING - vendas - [ALERTA] A busca por adc não corresponde a nenhum item. Tente novamente.
2025-08-04 16:02:25,801 - WARNING - vendas - [ALERTA] Utilize apenas números para selecionar o item. Tente novamente
2025-08-04 16:02:32,353 - WARNING - vendas - [ALERTA] Opção inválida. Tente novamente
2025-08-04 16:02:38,417 - WARNING - vendas - [ALERTA] Opção inválida. Tente novamente
2025-08-04 16:02:44,681 - WARNING - vendas - [ALERTA] Opção inválida. Tente novamente
2025-08-04 16:03:00,041 - ERROR - main - 
 [ERRO] Opção inválida. Tente novamente
2025-08-04 16:03:04,161 - ERROR - main - 
 [ERRO] Opção inválida. Tente novamente
2025-08-04 16:08:42,097 - WARNING - vendas - [ALERTA] Utilize apenas números para selecionar o item. Tente novamente
2025-08-04 16:08:44,544 - WARNING - vendas - [ALERTA] Utilize apenas números para selecionar o item. Tente novamente
2025-08-04 16:08:51,720 - ERROR - main - 
 [ERRO] Opção inválida. Tente novamente
2025-08-04 16:08:52,888 - ERROR - main - 
 [ERRO] Opção inválida. Tente novamente
2025-08-04 16:08:53,586 - ERROR - main - 
 [ERRO] Opção inválida. Tente novamente
2025-08-04 16:08:54,015 - ERROR - main - 
 [ERRO] Opção inválida. Tente novamente
2025-08-08 21:51:01,602 - ERROR - main - 
 [ERRO] Opção inválida. Tente novamente
2025-08-08 21:51:54,734 - WARNING - vendas - [ALERTA] Desvio de lote detectado, um registro de alerta foi gerado.
2025-08-08 21:51:54,735 - WARNING - vendas - [ALERTA] 
2025-08-08 21:55:50,526 - WARNING - vendas - [ALERTA] Desvio de lote detectado, um registro de alerta foi gerado.
2025-08-08 21:55:50,526 - WARNING - vendas - [ALERTA] 
2025-08-09 15:39:33,522 - WARNING - vendas - [ALERTA] Desvio de lote detectado, um registro de alerta foi gerado.
2025-08-09 15:39:33,523 - WARNING - vendas - [ALERTA] 
2025-08-09 15:41:21,198 - WARNING - vendas - [ALERTA] Desvio de lote detectado, um registro de alerta foi gerado.
2025-08-09 15:41:21,198 - WARNING - vendas - [ALERTA] 
