2025-10-12 14:34:23,517 - WARNING - database - [ALERTA] Conexão com banco de dados iniciada.
2025-10-12 14:34:26,189 - WARNING - database - [ALERTA] Conexão com o banco de dados finalizada.
2025-10-12 14:34:40,981 - WARNING - database - [ALERTA] Conexão com banco de dados iniciada.
2025-10-12 14:34:48,206 - WARNING - nfe_importer - [INFO] 33 produto(s) estão com status *ATIVOS*.
2025-10-12 14:34:48,206 - WARNING - nfe_importer - [INFO] 0 produto(s) estão com status *QUARENTENA*.
2025-10-12 14:39:33,549 - WARNING - database - [ALERTA] Conexão com o banco de dados finalizada.
2025-10-12 14:39:37,748 - WARNING - database - [ALERTA] Conexão com banco de dados iniciada.
2025-10-12 14:39:46,933 - WARNING - nfe_importer - [INFO] 32 produto(s) estão com status *ATIVOS*.
2025-10-12 14:39:46,933 - WARNING - nfe_importer - [INFO] 1 produto(s) estão com status *QUARENTENA*.
2025-10-12 14:39:46,933 - WARNING - nfe_importer - [ALERTA] O sistema recomenda verificar a integridade dos dados dos produtos em Quarentena.
2025-10-12 14:40:10,339 - WARNING - nfe_importer - [INFO] 0 produto(s) estão com status *ATIVOS*.
2025-10-12 14:40:10,339 - WARNING - nfe_importer - [INFO] 6 produto(s) estão com status *QUARENTENA*.
2025-10-12 14:40:10,340 - WARNING - nfe_importer - [ALERTA] O sistema recomenda verificar a integridade dos dados dos produtos em Quarentena.
2025-10-12 14:40:24,223 - WARNING - nfe_importer - [INFO] 24 produto(s) estão com status *ATIVOS*.
2025-10-12 14:40:24,223 - WARNING - nfe_importer - [INFO] 0 produto(s) estão com status *QUARENTENA*.
2025-10-12 14:40:34,036 - WARNING - nfe_importer - [INFO] 24 produto(s) estão com status *ATIVOS*.
2025-10-12 14:40:34,036 - WARNING - nfe_importer - [INFO] 0 produto(s) estão com status *QUARENTENA*.
2025-10-12 14:40:37,501 - ERROR - main - 
 [ERRO] Opção inválida. Tente novamente
2025-10-12 14:40:39,324 - ERROR - main - 
 [ERRO] Opção inválida. Tente novamente
2025-10-12 14:40:41,605 - ERROR - main - 
 [ERRO] Opção inválida. Tente novamente
2025-10-12 14:40:43,653 - ERROR - main - 
 [ERRO] Opção inválida. Tente novamente
2025-10-12 14:40:47,014 - ERROR - console_ui - [ERRO] O nome do arquivo não existe ou não foi encontrado. Tente novamente.
2025-10-12 14:40:47,014 - WARNING - main - [ALERTA] O XML fornecido não foi encontrado ou não existe. Tente novamente.
2025-10-12 14:44:02,176 - WARNING - database - [ALERTA] Conexão com o banco de dados finalizada.
2025-10-12 14:44:03,852 - WARNING - database - [ALERTA] Conexão com banco de dados iniciada.
2025-10-12 14:44:06,127 - WARNING - console_ui - [ERRO] O nome do arquivo não existe ou não foi encontrado. Tente novamente.
2025-10-12 14:44:18,106 - WARNING - database - [ALERTA] Conexão com o banco de dados finalizada.
2025-10-12 14:59:45,706 - WARNING - database - [ALERTA] Conexão com banco de dados iniciada.
2025-10-12 14:59:54,103 - WARNING - nfe_importer - [INFO] 24 produto(s) estão com status *ATIVOS*.
2025-10-12 14:59:54,103 - WARNING - nfe_importer - [INFO] 0 produto(s) estão com status *QUARENTENA*.
2025-10-12 14:59:56,363 - WARNING - database - [ALERTA] Conexão com o banco de dados finalizada.
2025-10-12 15:02:11,548 - WARNING - database - [ALERTA] Conexão com banco de dados iniciada.
2025-10-12 15:02:14,499 - WARNING - database - [ALERTA] Conexão com o banco de dados finalizada.
2025-10-12 15:02:28,353 - WARNING - database - [ALERTA] Conexão com banco de dados iniciada.
2025-10-12 15:02:31,693 - WARNING - database - [ALERTA] Conexão com o banco de dados finalizada.
2025-10-12 15:03:09,328 - WARNING - database - [ALERTA] Conexão com banco de dados iniciada.
2025-10-12 15:03:11,579 - WARNING - database - [ALERTA] Conexão com o banco de dados finalizada.
2025-10-12 15:03:21,360 - WARNING - database - [ALERTA] Conexão com banco de dados iniciada.
2025-10-12 15:03:23,092 - WARNING - database - [ALERTA] Conexão com o banco de dados finalizada.
2025-10-12 15:03:38,173 - WARNING - database - [ALERTA] Conexão com banco de dados iniciada.
2025-10-12 15:03:39,389 - ERROR - main - [ERRO] Opção inválida. Tente novamente
2025-10-12 15:03:50,448 - WARNING - database - [ALERTA] Conexão com o banco de dados finalizada.
2025-10-13 11:38:21,561 - WARNING - database - [ALERTA] Conexão com banco de dados iniciada.
2025-10-13 11:38:28,929 - ERROR - product_repository - [ERRO] Unexpected erro is ocurred. Verify the log: near ")": syntax error
2025-10-13 11:38:28,929 - ERROR - product_repository - [ERRO] Unexpected erro is ocurred. Verify the log: near ")": syntax error
2025-10-13 11:38:28,930 - ERROR - product_repository - [ERRO] Unexpected erro is ocurred. Verify the log: near ")": syntax error
2025-10-13 11:38:28,930 - ERROR - product_repository - [ERRO] Unexpected erro is ocurred. Verify the log: near ")": syntax error
2025-10-13 11:38:28,930 - ERROR - product_repository - [ERRO] Unexpected erro is ocurred. Verify the log: near ")": syntax error
2025-10-13 11:38:28,930 - ERROR - product_repository - [ERRO] Unexpected erro is ocurred. Verify the log: near ")": syntax error
2025-10-13 11:38:28,930 - ERROR - product_repository - [ERRO] Unexpected erro is ocurred. Verify the log: near ")": syntax error
2025-10-13 11:38:28,931 - ERROR - product_repository - [ERRO] Unexpected erro is ocurred. Verify the log: near ")": syntax error
2025-10-13 11:38:28,931 - ERROR - product_repository - [ERRO] Unexpected erro is ocurred. Verify the log: near ")": syntax error
2025-10-13 11:38:28,931 - ERROR - product_repository - [ERRO] Unexpected erro is ocurred. Verify the log: near ")": syntax error
2025-10-13 11:38:28,931 - ERROR - product_repository - [ERRO] Unexpected erro is ocurred. Verify the log: near ")": syntax error
2025-10-13 11:38:28,931 - ERROR - product_repository - [ERRO] Unexpected erro is ocurred. Verify the log: near ")": syntax error
2025-10-13 11:38:28,932 - ERROR - product_repository - [ERRO] Unexpected erro is ocurred. Verify the log: near ")": syntax error
2025-10-13 11:38:28,932 - ERROR - product_repository - [ERRO] Unexpected erro is ocurred. Verify the log: near ")": syntax error
2025-10-13 11:38:28,932 - ERROR - product_repository - [ERRO] Unexpected erro is ocurred. Verify the log: near ")": syntax error
2025-10-13 11:38:28,932 - ERROR - product_repository - [ERRO] Unexpected erro is ocurred. Verify the log: near ")": syntax error
2025-10-13 11:38:28,933 - ERROR - product_repository - [ERRO] Unexpected erro is ocurred. Verify the log: near ")": syntax error
2025-10-13 11:38:28,933 - ERROR - product_repository - [ERRO] Unexpected erro is ocurred. Verify the log: near ")": syntax error
2025-10-13 11:38:28,933 - ERROR - product_repository - [ERRO] Unexpected erro is ocurred. Verify the log: near ")": syntax error
2025-10-13 11:38:28,933 - ERROR - product_repository - [ERRO] Unexpected erro is ocurred. Verify the log: near ")": syntax error
2025-10-13 11:38:28,933 - ERROR - product_repository - [ERRO] Unexpected erro is ocurred. Verify the log: near ")": syntax error
2025-10-13 11:38:28,933 - ERROR - product_repository - [ERRO] Unexpected erro is ocurred. Verify the log: near ")": syntax error
2025-10-13 11:38:28,933 - ERROR - product_repository - [ERRO] Unexpected erro is ocurred. Verify the log: near ")": syntax error
2025-10-13 11:38:28,934 - ERROR - product_repository - [ERRO] Unexpected erro is ocurred. Verify the log: near ")": syntax error
2025-10-13 11:38:28,934 - ERROR - product_repository - [ERRO] Unexpected erro is ocurred. Verify the log: near ")": syntax error
2025-10-13 11:38:28,934 - ERROR - product_repository - [ERRO] Unexpected erro is ocurred. Verify the log: near ")": syntax error
2025-10-13 11:38:28,934 - ERROR - product_repository - [ERRO] Unexpected erro is ocurred. Verify the log: near ")": syntax error
2025-10-13 11:38:28,934 - ERROR - product_repository - [ERRO] Unexpected erro is ocurred. Verify the log: near ")": syntax error
2025-10-13 11:38:28,934 - ERROR - product_repository - [ERRO] Unexpected erro is ocurred. Verify the log: near ")": syntax error
2025-10-13 11:38:28,935 - ERROR - product_repository - [ERRO] Unexpected erro is ocurred. Verify the log: near ")": syntax error
2025-10-13 11:38:28,935 - ERROR - product_repository - [ERRO] Unexpected erro is ocurred. Verify the log: near ")": syntax error
2025-10-13 11:38:28,935 - ERROR - product_repository - [ERRO] Unexpected erro is ocurred. Verify the log: near ")": syntax error
2025-10-13 11:38:28,935 - ERROR - product_repository - [ERRO] Unexpected erro is ocurred. Verify the log: near ")": syntax error
2025-10-13 11:38:28,936 - WARNING - nfe_importer - [INFO] 0 produto(s) estão com status *ATIVOS*.
2025-10-13 11:38:28,936 - WARNING - nfe_importer - [INFO] 0 produto(s) estão com status *QUARENTENA*.
2025-10-13 11:38:34,567 - ERROR - main - [ERRO] Opção inválida. Tente novamente
2025-10-13 11:38:38,512 - ERROR - product_repository - [ERRO] Unexpected erro is ocurred. Verify the log: near ")": syntax error
2025-10-13 11:38:38,512 - ERROR - product_repository - [ERRO] Unexpected erro is ocurred. Verify the log: near ")": syntax error
2025-10-13 11:38:38,512 - ERROR - product_repository - [ERRO] Unexpected erro is ocurred. Verify the log: near ")": syntax error
2025-10-13 11:38:38,513 - ERROR - product_repository - [ERRO] Unexpected erro is ocurred. Verify the log: near ")": syntax error
2025-10-13 11:38:38,513 - ERROR - product_repository - [ERRO] Unexpected erro is ocurred. Verify the log: near ")": syntax error
2025-10-13 11:38:38,513 - ERROR - product_repository - [ERRO] Unexpected erro is ocurred. Verify the log: near ")": syntax error
2025-10-13 11:38:38,514 - WARNING - nfe_importer - [INFO] 0 produto(s) estão com status *ATIVOS*.
2025-10-13 11:38:38,515 - WARNING - nfe_importer - [INFO] 0 produto(s) estão com status *QUARENTENA*.
2025-10-13 11:38:51,188 - ERROR - product_repository - [ERRO] Unexpected erro is ocurred. Verify the log: near ")": syntax error
2025-10-13 11:38:51,188 - ERROR - product_repository - [ERRO] Unexpected erro is ocurred. Verify the log: near ")": syntax error
2025-10-13 11:38:51,189 - ERROR - product_repository - [ERRO] Unexpected erro is ocurred. Verify the log: near ")": syntax error
2025-10-13 11:38:51,189 - ERROR - product_repository - [ERRO] Unexpected erro is ocurred. Verify the log: near ")": syntax error
2025-10-13 11:38:51,189 - ERROR - product_repository - [ERRO] Unexpected erro is ocurred. Verify the log: near ")": syntax error
2025-10-13 11:38:51,190 - ERROR - product_repository - [ERRO] Unexpected erro is ocurred. Verify the log: near ")": syntax error
2025-10-13 11:38:51,190 - ERROR - product_repository - [ERRO] Unexpected erro is ocurred. Verify the log: near ")": syntax error
2025-10-13 11:38:51,190 - ERROR - product_repository - [ERRO] Unexpected erro is ocurred. Verify the log: near ")": syntax error
2025-10-13 11:38:51,191 - ERROR - product_repository - [ERRO] Unexpected erro is ocurred. Verify the log: near ")": syntax error
2025-10-13 11:38:51,191 - ERROR - product_repository - [ERRO] Unexpected erro is ocurred. Verify the log: near ")": syntax error
2025-10-13 11:38:51,191 - ERROR - product_repository - [ERRO] Unexpected erro is ocurred. Verify the log: near ")": syntax error
2025-10-13 11:38:51,191 - ERROR - product_repository - [ERRO] Unexpected erro is ocurred. Verify the log: near ")": syntax error
2025-10-13 11:38:51,192 - ERROR - product_repository - [ERRO] Unexpected erro is ocurred. Verify the log: near ")": syntax error
2025-10-13 11:38:51,192 - ERROR - product_repository - [ERRO] Unexpected erro is ocurred. Verify the log: near ")": syntax error
2025-10-13 11:38:51,192 - ERROR - product_repository - [ERRO] Unexpected erro is ocurred. Verify the log: near ")": syntax error
2025-10-13 11:38:51,192 - ERROR - product_repository - [ERRO] Unexpected erro is ocurred. Verify the log: near ")": syntax error
2025-10-13 11:38:51,193 - ERROR - product_repository - [ERRO] Unexpected erro is ocurred. Verify the log: near ")": syntax error
2025-10-13 11:38:51,193 - ERROR - product_repository - [ERRO] Unexpected erro is ocurred. Verify the log: near ")": syntax error
2025-10-13 11:38:51,193 - ERROR - product_repository - [ERRO] Unexpected erro is ocurred. Verify the log: near ")": syntax error
2025-10-13 11:38:51,193 - ERROR - product_repository - [ERRO] Unexpected erro is ocurred. Verify the log: near ")": syntax error
2025-10-13 11:38:51,194 - ERROR - product_repository - [ERRO] Unexpected erro is ocurred. Verify the log: near ")": syntax error
2025-10-13 11:38:51,194 - ERROR - product_repository - [ERRO] Unexpected erro is ocurred. Verify the log: near ")": syntax error
2025-10-13 11:38:51,194 - ERROR - product_repository - [ERRO] Unexpected erro is ocurred. Verify the log: near ")": syntax error
2025-10-13 11:38:51,194 - ERROR - product_repository - [ERRO] Unexpected erro is ocurred. Verify the log: near ")": syntax error
2025-10-13 11:38:51,195 - WARNING - nfe_importer - [INFO] 0 produto(s) estão com status *ATIVOS*.
2025-10-13 11:38:51,195 - WARNING - nfe_importer - [INFO] 0 produto(s) estão com status *QUARENTENA*.
2025-10-13 11:39:01,884 - ERROR - product_repository - [ERRO] Unexpected erro is ocurred. Verify the log: near ")": syntax error
2025-10-13 11:39:01,884 - ERROR - product_repository - [ERRO] Unexpected erro is ocurred. Verify the log: near ")": syntax error
2025-10-13 11:39:01,884 - ERROR - product_repository - [ERRO] Unexpected erro is ocurred. Verify the log: near ")": syntax error
2025-10-13 11:39:01,885 - ERROR - product_repository - [ERRO] Unexpected erro is ocurred. Verify the log: near ")": syntax error
2025-10-13 11:39:01,885 - ERROR - product_repository - [ERRO] Unexpected erro is ocurred. Verify the log: near ")": syntax error
2025-10-13 11:39:01,885 - ERROR - product_repository - [ERRO] Unexpected erro is ocurred. Verify the log: near ")": syntax error
2025-10-13 11:39:01,886 - ERROR - product_repository - [ERRO] Unexpected erro is ocurred. Verify the log: near ")": syntax error
2025-10-13 11:39:01,886 - ERROR - product_repository - [ERRO] Unexpected erro is ocurred. Verify the log: near ")": syntax error
2025-10-13 11:39:01,886 - ERROR - product_repository - [ERRO] Unexpected erro is ocurred. Verify the log: near ")": syntax error
2025-10-13 11:39:01,886 - ERROR - product_repository - [ERRO] Unexpected erro is ocurred. Verify the log: near ")": syntax error
2025-10-13 11:39:01,886 - ERROR - product_repository - [ERRO] Unexpected erro is ocurred. Verify the log: near ")": syntax error
2025-10-13 11:39:01,886 - ERROR - product_repository - [ERRO] Unexpected erro is ocurred. Verify the log: near ")": syntax error
2025-10-13 11:39:01,887 - ERROR - product_repository - [ERRO] Unexpected erro is ocurred. Verify the log: near ")": syntax error
2025-10-13 11:39:01,887 - ERROR - product_repository - [ERRO] Unexpected erro is ocurred. Verify the log: near ")": syntax error
2025-10-13 11:39:01,887 - ERROR - product_repository - [ERRO] Unexpected erro is ocurred. Verify the log: near ")": syntax error
2025-10-13 11:39:01,887 - ERROR - product_repository - [ERRO] Unexpected erro is ocurred. Verify the log: near ")": syntax error
2025-10-13 11:39:01,887 - ERROR - product_repository - [ERRO] Unexpected erro is ocurred. Verify the log: near ")": syntax error
2025-10-13 11:39:01,888 - ERROR - product_repository - [ERRO] Unexpected erro is ocurred. Verify the log: near ")": syntax error
2025-10-13 11:39:01,888 - ERROR - product_repository - [ERRO] Unexpected erro is ocurred. Verify the log: near ")": syntax error
2025-10-13 11:39:01,888 - ERROR - product_repository - [ERRO] Unexpected erro is ocurred. Verify the log: near ")": syntax error
2025-10-13 11:39:01,888 - ERROR - product_repository - [ERRO] Unexpected erro is ocurred. Verify the log: near ")": syntax error
2025-10-13 11:39:01,888 - ERROR - product_repository - [ERRO] Unexpected erro is ocurred. Verify the log: near ")": syntax error
2025-10-13 11:39:01,889 - ERROR - product_repository - [ERRO] Unexpected erro is ocurred. Verify the log: near ")": syntax error
2025-10-13 11:39:01,889 - ERROR - product_repository - [ERRO] Unexpected erro is ocurred. Verify the log: near ")": syntax error
2025-10-13 11:39:01,890 - WARNING - nfe_importer - [INFO] 0 produto(s) estão com status *ATIVOS*.
2025-10-13 11:39:01,890 - WARNING - nfe_importer - [INFO] 0 produto(s) estão com status *QUARENTENA*.
2025-10-13 11:39:10,244 - ERROR - product_repository - [ERRO] Unexpected erro is ocurred. Verify the log: near ")": syntax error
2025-10-13 11:39:10,244 - ERROR - product_repository - [ERRO] Unexpected erro is ocurred. Verify the log: near ")": syntax error
2025-10-13 11:39:10,245 - ERROR - product_repository - [ERRO] Unexpected erro is ocurred. Verify the log: near ")": syntax error
2025-10-13 11:39:10,245 - ERROR - product_repository - [ERRO] Unexpected erro is ocurred. Verify the log: near ")": syntax error
2025-10-13 11:39:10,245 - ERROR - product_repository - [ERRO] Unexpected erro is ocurred. Verify the log: near ")": syntax error
2025-10-13 11:39:10,246 - ERROR - product_repository - [ERRO] Unexpected erro is ocurred. Verify the log: near ")": syntax error
2025-10-13 11:39:10,246 - ERROR - product_repository - [ERRO] Unexpected erro is ocurred. Verify the log: near ")": syntax error
2025-10-13 11:39:10,246 - ERROR - product_repository - [ERRO] Unexpected erro is ocurred. Verify the log: near ")": syntax error
2025-10-13 11:39:10,246 - ERROR - product_repository - [ERRO] Unexpected erro is ocurred. Verify the log: near ")": syntax error
2025-10-13 11:39:10,247 - ERROR - product_repository - [ERRO] Unexpected erro is ocurred. Verify the log: near ")": syntax error
2025-10-13 11:39:10,247 - ERROR - product_repository - [ERRO] Unexpected erro is ocurred. Verify the log: near ")": syntax error
2025-10-13 11:39:10,247 - ERROR - product_repository - [ERRO] Unexpected erro is ocurred. Verify the log: near ")": syntax error
2025-10-13 11:39:10,247 - ERROR - product_repository - [ERRO] Unexpected erro is ocurred. Verify the log: near ")": syntax error
2025-10-13 11:39:10,247 - ERROR - product_repository - [ERRO] Unexpected erro is ocurred. Verify the log: near ")": syntax error
2025-10-13 11:39:10,248 - ERROR - product_repository - [ERRO] Unexpected erro is ocurred. Verify the log: near ")": syntax error
2025-10-13 11:39:10,248 - ERROR - product_repository - [ERRO] Unexpected erro is ocurred. Verify the log: near ")": syntax error
2025-10-13 11:39:10,248 - ERROR - product_repository - [ERRO] Unexpected erro is ocurred. Verify the log: near ")": syntax error
2025-10-13 11:39:10,248 - ERROR - product_repository - [ERRO] Unexpected erro is ocurred. Verify the log: near ")": syntax error
2025-10-13 11:39:10,248 - ERROR - product_repository - [ERRO] Unexpected erro is ocurred. Verify the log: near ")": syntax error
2025-10-13 11:39:10,248 - ERROR - product_repository - [ERRO] Unexpected erro is ocurred. Verify the log: near ")": syntax error
2025-10-13 11:39:10,249 - ERROR - product_repository - [ERRO] Unexpected erro is ocurred. Verify the log: near ")": syntax error
2025-10-13 11:39:10,249 - ERROR - product_repository - [ERRO] Unexpected erro is ocurred. Verify the log: near ")": syntax error
2025-10-13 11:39:10,249 - ERROR - product_repository - [ERRO] Unexpected erro is ocurred. Verify the log: near ")": syntax error
2025-10-13 11:39:10,249 - ERROR - product_repository - [ERRO] Unexpected erro is ocurred. Verify the log: near ")": syntax error
2025-10-13 11:39:10,249 - ERROR - product_repository - [ERRO] Unexpected erro is ocurred. Verify the log: near ")": syntax error
2025-10-13 11:39:10,249 - ERROR - product_repository - [ERRO] Unexpected erro is ocurred. Verify the log: near ")": syntax error
2025-10-13 11:39:10,249 - ERROR - product_repository - [ERRO] Unexpected erro is ocurred. Verify the log: near ")": syntax error
2025-10-13 11:39:10,250 - ERROR - product_repository - [ERRO] Unexpected erro is ocurred. Verify the log: near ")": syntax error
2025-10-13 11:39:10,250 - ERROR - product_repository - [ERRO] Unexpected erro is ocurred. Verify the log: near ")": syntax error
2025-10-13 11:39:10,250 - ERROR - product_repository - [ERRO] Unexpected erro is ocurred. Verify the log: near ")": syntax error
2025-10-13 11:39:10,250 - ERROR - product_repository - [ERRO] Unexpected erro is ocurred. Verify the log: near ")": syntax error
2025-10-13 11:39:10,250 - ERROR - product_repository - [ERRO] Unexpected erro is ocurred. Verify the log: near ")": syntax error
2025-10-13 11:39:10,251 - ERROR - product_repository - [ERRO] Unexpected erro is ocurred. Verify the log: near ")": syntax error
2025-10-13 11:39:10,252 - WARNING - nfe_importer - [INFO] 0 produto(s) estão com status *ATIVOS*.
2025-10-13 11:39:10,252 - WARNING - nfe_importer - [INFO] 0 produto(s) estão com status *QUARENTENA*.
2025-10-13 11:39:28,539 - WARNING - database - [ALERTA] Conexão com o banco de dados finalizada.
2025-10-13 11:40:04,670 - WARNING - database - [ALERTA] Conexão com banco de dados iniciada.
2025-10-13 11:40:10,248 - ERROR - product_repository - [ERRO] Unexpected erro is ocurred. Verify the log: near ")": syntax error
2025-10-13 11:40:10,249 - ERROR - product_repository - [ERRO] Unexpected erro is ocurred. Verify the log: near ")": syntax error
2025-10-13 11:40:10,249 - ERROR - product_repository - [ERRO] Unexpected erro is ocurred. Verify the log: near ")": syntax error
2025-10-13 11:40:10,249 - ERROR - product_repository - [ERRO] Unexpected erro is ocurred. Verify the log: near ")": syntax error
2025-10-13 11:40:10,249 - ERROR - product_repository - [ERRO] Unexpected erro is ocurred. Verify the log: near ")": syntax error
2025-10-13 11:40:10,249 - ERROR - product_repository - [ERRO] Unexpected erro is ocurred. Verify the log: near ")": syntax error
2025-10-13 11:40:10,250 - ERROR - product_repository - [ERRO] Unexpected erro is ocurred. Verify the log: near ")": syntax error
2025-10-13 11:40:10,250 - ERROR - product_repository - [ERRO] Unexpected erro is ocurred. Verify the log: near ")": syntax error
2025-10-13 11:40:10,250 - ERROR - product_repository - [ERRO] Unexpected erro is ocurred. Verify the log: near ")": syntax error
2025-10-13 11:40:10,250 - ERROR - product_repository - [ERRO] Unexpected erro is ocurred. Verify the log: near ")": syntax error
2025-10-13 11:40:10,251 - ERROR - product_repository - [ERRO] Unexpected erro is ocurred. Verify the log: near ")": syntax error
2025-10-13 11:40:10,251 - ERROR - product_repository - [ERRO] Unexpected erro is ocurred. Verify the log: near ")": syntax error
2025-10-13 11:40:10,251 - ERROR - product_repository - [ERRO] Unexpected erro is ocurred. Verify the log: near ")": syntax error
2025-10-13 11:40:10,251 - ERROR - product_repository - [ERRO] Unexpected erro is ocurred. Verify the log: near ")": syntax error
2025-10-13 11:40:10,251 - ERROR - product_repository - [ERRO] Unexpected erro is ocurred. Verify the log: near ")": syntax error
2025-10-13 11:40:10,252 - ERROR - product_repository - [ERRO] Unexpected erro is ocurred. Verify the log: near ")": syntax error
2025-10-13 11:40:10,252 - ERROR - product_repository - [ERRO] Unexpected erro is ocurred. Verify the log: near ")": syntax error
2025-10-13 11:40:10,252 - ERROR - product_repository - [ERRO] Unexpected erro is ocurred. Verify the log: near ")": syntax error
2025-10-13 11:40:10,252 - ERROR - product_repository - [ERRO] Unexpected erro is ocurred. Verify the log: near ")": syntax error
2025-10-13 11:40:10,253 - ERROR - product_repository - [ERRO] Unexpected erro is ocurred. Verify the log: near ")": syntax error
2025-10-13 11:40:10,253 - ERROR - product_repository - [ERRO] Unexpected erro is ocurred. Verify the log: near ")": syntax error
2025-10-13 11:40:10,253 - ERROR - product_repository - [ERRO] Unexpected erro is ocurred. Verify the log: near ")": syntax error
2025-10-13 11:40:10,253 - ERROR - product_repository - [ERRO] Unexpected erro is ocurred. Verify the log: near ")": syntax error
2025-10-13 11:40:10,253 - ERROR - product_repository - [ERRO] Unexpected erro is ocurred. Verify the log: near ")": syntax error
2025-10-13 11:40:10,254 - ERROR - product_repository - [ERRO] Unexpected erro is ocurred. Verify the log: near ")": syntax error
2025-10-13 11:40:10,254 - ERROR - product_repository - [ERRO] Unexpected erro is ocurred. Verify the log: near ")": syntax error
2025-10-13 11:40:10,254 - ERROR - product_repository - [ERRO] Unexpected erro is ocurred. Verify the log: near ")": syntax error
2025-10-13 11:40:10,255 - ERROR - product_repository - [ERRO] Unexpected erro is ocurred. Verify the log: near ")": syntax error
2025-10-13 11:40:10,255 - ERROR - product_repository - [ERRO] Unexpected erro is ocurred. Verify the log: near ")": syntax error
2025-10-13 11:40:10,255 - ERROR - product_repository - [ERRO] Unexpected erro is ocurred. Verify the log: near ")": syntax error
2025-10-13 11:40:10,255 - ERROR - product_repository - [ERRO] Unexpected erro is ocurred. Verify the log: near ")": syntax error
2025-10-13 11:40:10,256 - ERROR - product_repository - [ERRO] Unexpected erro is ocurred. Verify the log: near ")": syntax error
2025-10-13 11:40:10,256 - ERROR - product_repository - [ERRO] Unexpected erro is ocurred. Verify the log: near ")": syntax error
2025-10-13 11:40:10,257 - WARNING - nfe_importer - [INFO] 0 produto(s) estão com status *ATIVOS*.
2025-10-13 11:40:10,257 - WARNING - nfe_importer - [INFO] 0 produto(s) estão com status *QUARENTENA*.
2025-10-13 11:40:13,725 - WARNING - database - [ALERTA] Conexão com o banco de dados finalizada.
2025-10-13 11:41:04,971 - WARNING - database - [ALERTA] Conexão com banco de dados iniciada.
2025-10-13 11:41:10,766 - ERROR - product_repository - [ERRO] Unexpected erro is ocurred. Verify the log: near ")": syntax error
2025-10-13 11:41:10,766 - ERROR - product_repository - [ERRO] Unexpected erro is ocurred. Verify the log: near ")": syntax error
2025-10-13 11:41:10,766 - ERROR - product_repository - [ERRO] Unexpected erro is ocurred. Verify the log: near ")": syntax error
2025-10-13 11:41:10,767 - ERROR - product_repository - [ERRO] Unexpected erro is ocurred. Verify the log: near ")": syntax error
2025-10-13 11:41:10,767 - ERROR - product_repository - [ERRO] Unexpected erro is ocurred. Verify the log: near ")": syntax error
2025-10-13 11:41:10,767 - ERROR - product_repository - [ERRO] Unexpected erro is ocurred. Verify the log: near ")": syntax error
2025-10-13 11:41:10,768 - ERROR - product_repository - [ERRO] Unexpected erro is ocurred. Verify the log: near ")": syntax error
2025-10-13 11:41:10,768 - ERROR - product_repository - [ERRO] Unexpected erro is ocurred. Verify the log: near ")": syntax error
2025-10-13 11:41:10,768 - ERROR - product_repository - [ERRO] Unexpected erro is ocurred. Verify the log: near ")": syntax error
2025-10-13 11:41:10,769 - ERROR - product_repository - [ERRO] Unexpected erro is ocurred. Verify the log: near ")": syntax error
2025-10-13 11:41:10,769 - ERROR - product_repository - [ERRO] Unexpected erro is ocurred. Verify the log: near ")": syntax error
2025-10-13 11:41:10,769 - ERROR - product_repository - [ERRO] Unexpected erro is ocurred. Verify the log: near ")": syntax error
2025-10-13 11:41:10,769 - ERROR - product_repository - [ERRO] Unexpected erro is ocurred. Verify the log: near ")": syntax error
2025-10-13 11:41:10,769 - ERROR - product_repository - [ERRO] Unexpected erro is ocurred. Verify the log: near ")": syntax error
2025-10-13 11:41:10,770 - ERROR - product_repository - [ERRO] Unexpected erro is ocurred. Verify the log: near ")": syntax error
2025-10-13 11:41:10,770 - ERROR - product_repository - [ERRO] Unexpected erro is ocurred. Verify the log: near ")": syntax error
2025-10-13 11:41:10,770 - ERROR - product_repository - [ERRO] Unexpected erro is ocurred. Verify the log: near ")": syntax error
2025-10-13 11:41:10,770 - ERROR - product_repository - [ERRO] Unexpected erro is ocurred. Verify the log: near ")": syntax error
2025-10-13 11:41:10,770 - ERROR - product_repository - [ERRO] Unexpected erro is ocurred. Verify the log: near ")": syntax error
2025-10-13 11:41:10,770 - ERROR - product_repository - [ERRO] Unexpected erro is ocurred. Verify the log: near ")": syntax error
2025-10-13 11:41:10,771 - ERROR - product_repository - [ERRO] Unexpected erro is ocurred. Verify the log: near ")": syntax error
2025-10-13 11:41:10,771 - ERROR - product_repository - [ERRO] Unexpected erro is ocurred. Verify the log: near ")": syntax error
2025-10-13 11:41:10,771 - ERROR - product_repository - [ERRO] Unexpected erro is ocurred. Verify the log: near ")": syntax error
2025-10-13 11:41:10,771 - ERROR - product_repository - [ERRO] Unexpected erro is ocurred. Verify the log: near ")": syntax error
2025-10-13 11:41:10,771 - ERROR - product_repository - [ERRO] Unexpected erro is ocurred. Verify the log: near ")": syntax error
2025-10-13 11:41:10,772 - ERROR - product_repository - [ERRO] Unexpected erro is ocurred. Verify the log: near ")": syntax error
2025-10-13 11:41:10,772 - ERROR - product_repository - [ERRO] Unexpected erro is ocurred. Verify the log: near ")": syntax error
2025-10-13 11:41:10,772 - ERROR - product_repository - [ERRO] Unexpected erro is ocurred. Verify the log: near ")": syntax error
2025-10-13 11:41:10,772 - ERROR - product_repository - [ERRO] Unexpected erro is ocurred. Verify the log: near ")": syntax error
2025-10-13 11:41:10,772 - ERROR - product_repository - [ERRO] Unexpected erro is ocurred. Verify the log: near ")": syntax error
2025-10-13 11:41:10,773 - ERROR - product_repository - [ERRO] Unexpected erro is ocurred. Verify the log: near ")": syntax error
2025-10-13 11:41:10,773 - ERROR - product_repository - [ERRO] Unexpected erro is ocurred. Verify the log: near ")": syntax error
2025-10-13 11:41:10,773 - ERROR - product_repository - [ERRO] Unexpected erro is ocurred. Verify the log: near ")": syntax error
2025-10-13 11:41:10,774 - WARNING - nfe_importer - [INFO] 0 produto(s) estão com status *ATIVOS*.
2025-10-13 11:41:10,774 - WARNING - nfe_importer - [INFO] 0 produto(s) estão com status *QUARENTENA*.
2025-10-13 11:41:16,100 - WARNING - database - [ALERTA] Conexão com o banco de dados finalizada.
2025-10-13 11:44:04,684 - WARNING - database - [ALERTA] Conexão com banco de dados iniciada.
2025-10-13 11:44:09,288 - WARNING - nfe_importer - [INFO] 33 produto(s) estão com status *ATIVOS*.
2025-10-13 11:44:09,288 - WARNING - nfe_importer - [INFO] 0 produto(s) estão com status *QUARENTENA*.
2025-10-13 11:44:21,293 - ERROR - main - [ERRO] Opção inválida. Tente novamente
2025-10-13 11:44:25,571 - ERROR - product_repository - [ERRO] Unexpected erro is ocurred. Verify the log: no such table: batch
2025-10-13 11:44:25,571 - ERROR - product_repository - [ERRO] Unexpected erro is ocurred. Verify the log: no such table: batch
2025-10-13 11:44:25,572 - ERROR - product_repository - [ERRO] Unexpected erro is ocurred. Verify the log: no such table: batch
2025-10-13 11:44:25,572 - ERROR - product_repository - [ERRO] Unexpected erro is ocurred. Verify the log: no such table: batch
2025-10-13 11:44:25,572 - ERROR - product_repository - [ERRO] Unexpected erro is ocurred. Verify the log: no such table: batch
2025-10-13 11:44:25,573 - ERROR - product_repository - [ERRO] Unexpected erro is ocurred. Verify the log: no such table: batch
2025-10-13 11:44:25,573 - ERROR - product_repository - [ERRO] Unexpected erro is ocurred. Verify the log: no such table: batch
2025-10-13 11:44:25,573 - ERROR - product_repository - [ERRO] Unexpected erro is ocurred. Verify the log: no such table: batch
2025-10-13 11:44:25,574 - ERROR - product_repository - [ERRO] Unexpected erro is ocurred. Verify the log: no such table: batch
2025-10-13 11:44:25,574 - ERROR - product_repository - [ERRO] Unexpected erro is ocurred. Verify the log: no such table: batch
2025-10-13 11:44:25,574 - ERROR - product_repository - [ERRO] Unexpected erro is ocurred. Verify the log: no such table: batch
2025-10-13 11:44:25,575 - ERROR - product_repository - [ERRO] Unexpected erro is ocurred. Verify the log: no such table: batch
2025-10-13 11:44:25,575 - ERROR - product_repository - [ERRO] Unexpected erro is ocurred. Verify the log: no such table: batch
2025-10-13 11:44:25,575 - ERROR - product_repository - [ERRO] Unexpected erro is ocurred. Verify the log: no such table: batch
2025-10-13 11:44:25,576 - ERROR - product_repository - [ERRO] Unexpected erro is ocurred. Verify the log: no such table: batch
2025-10-13 11:44:25,576 - ERROR - product_repository - [ERRO] Unexpected erro is ocurred. Verify the log: no such table: batch
2025-10-13 11:44:25,576 - ERROR - product_repository - [ERRO] Unexpected erro is ocurred. Verify the log: no such table: batch
2025-10-13 11:44:25,577 - ERROR - product_repository - [ERRO] Unexpected erro is ocurred. Verify the log: no such table: batch
2025-10-13 11:44:25,577 - ERROR - product_repository - [ERRO] Unexpected erro is ocurred. Verify the log: no such table: batch
2025-10-13 11:44:25,577 - ERROR - product_repository - [ERRO] Unexpected erro is ocurred. Verify the log: no such table: batch
2025-10-13 11:44:25,577 - ERROR - product_repository - [ERRO] Unexpected erro is ocurred. Verify the log: no such table: batch
2025-10-13 11:44:25,578 - ERROR - product_repository - [ERRO] Unexpected erro is ocurred. Verify the log: no such table: batch
2025-10-13 11:44:25,578 - ERROR - product_repository - [ERRO] Unexpected erro is ocurred. Verify the log: no such table: batch
2025-10-13 11:44:25,578 - ERROR - product_repository - [ERRO] Unexpected erro is ocurred. Verify the log: no such table: batch
2025-10-13 11:44:25,578 - ERROR - product_repository - [ERRO] Unexpected erro is ocurred. Verify the log: no such table: batch
2025-10-13 11:44:25,578 - ERROR - product_repository - [ERRO] Unexpected erro is ocurred. Verify the log: no such table: batch
2025-10-13 11:44:25,579 - ERROR - product_repository - [ERRO] Unexpected erro is ocurred. Verify the log: no such table: batch
2025-10-13 11:44:25,579 - ERROR - product_repository - [ERRO] Unexpected erro is ocurred. Verify the log: no such table: batch
2025-10-13 11:44:25,579 - ERROR - product_repository - [ERRO] Unexpected erro is ocurred. Verify the log: no such table: batch
2025-10-13 11:44:25,579 - ERROR - product_repository - [ERRO] Unexpected erro is ocurred. Verify the log: no such table: batch
2025-10-13 11:44:25,579 - ERROR - product_repository - [ERRO] Unexpected erro is ocurred. Verify the log: no such table: batch
2025-10-13 11:44:25,580 - ERROR - product_repository - [ERRO] Unexpected erro is ocurred. Verify the log: no such table: batch
2025-10-13 11:44:25,580 - ERROR - product_repository - [ERRO] Unexpected erro is ocurred. Verify the log: no such table: batch
2025-10-13 11:44:25,581 - WARNING - nfe_importer - [INFO] 0 produto(s) estão com status *ATIVOS*.
2025-10-13 11:44:25,581 - WARNING - nfe_importer - [INFO] 0 produto(s) estão com status *QUARENTENA*.
2025-10-13 11:44:53,859 - WARNING - database - [ALERTA] Conexão com o banco de dados finalizada.
2025-10-13 11:45:14,120 - WARNING - database - [ALERTA] Conexão com banco de dados iniciada.
2025-10-13 11:45:18,597 - ERROR - main - [ERRO] Opção inválida. Tente novamente
2025-10-13 11:45:21,555 - WARNING - nfe_importer - [INFO] 0 produto(s) estão com status *ATIVOS*.
2025-10-13 11:45:21,555 - WARNING - nfe_importer - [INFO] 6 produto(s) estão com status *QUARENTENA*.
2025-10-13 11:45:21,556 - WARNING - nfe_importer - [ALERTA] O sistema recomenda verificar a integridade dos dados dos produtos em Quarentena.
2025-10-13 11:45:31,300 - WARNING - nfe_importer - [INFO] 24 produto(s) estão com status *ATIVOS*.
2025-10-13 11:45:31,300 - WARNING - nfe_importer - [INFO] 0 produto(s) estão com status *QUARENTENA*.
2025-10-13 11:45:33,892 - WARNING - database - [ALERTA] Conexão com o banco de dados finalizada.
2025-10-13 11:46:28,000 - WARNING - database - [ALERTA] Conexão com banco de dados iniciada.
2025-10-13 11:46:32,643 - WARNING - nfe_importer - [INFO] 0 produto(s) estão com status *ATIVOS*.
2025-10-13 11:46:32,643 - WARNING - nfe_importer - [INFO] 6 produto(s) estão com status *QUARENTENA*.
2025-10-13 11:46:32,643 - WARNING - nfe_importer - [ALERTA] O sistema recomenda verificar a integridade dos dados dos produtos em Quarentena.
2025-10-13 11:47:13,075 - WARNING - database - [ALERTA] Conexão com o banco de dados finalizada.
2025-10-13 11:47:30,654 - WARNING - database - [ALERTA] Conexão com banco de dados iniciada.
2025-10-13 11:47:34,895 - WARNING - nfe_importer - [INFO] 33 produto(s) estão com status *ATIVOS*.
2025-10-13 11:47:34,896 - WARNING - nfe_importer - [INFO] 0 produto(s) estão com status *QUARENTENA*.
2025-10-13 11:47:38,842 - WARNING - nfe_importer - [INFO] 33 produto(s) estão com status *ATIVOS*.
2025-10-13 11:47:38,843 - WARNING - nfe_importer - [INFO] 0 produto(s) estão com status *QUARENTENA*.
2025-10-13 11:47:42,554 - WARNING - database - [ALERTA] Conexão com o banco de dados finalizada.
2025-10-13 11:48:08,335 - WARNING - database - [ALERTA] Conexão com banco de dados iniciada.
2025-10-13 11:48:14,431 - WARNING - nfe_importer - [INFO] 33 produto(s) estão com status *ATIVOS*.
2025-10-13 11:48:14,432 - WARNING - nfe_importer - [INFO] 0 produto(s) estão com status *QUARENTENA*.
2025-10-13 11:48:16,273 - WARNING - database - [ALERTA] Conexão com o banco de dados finalizada.
2025-10-13 14:28:07,838 - WARNING - database - [ALERTA] Conexão com banco de dados iniciada.
2025-10-13 14:28:13,650 - WARNING - nfe_importer - [INFO] 33 produto(s) estão com status *ATIVOS*.
2025-10-13 14:28:13,651 - WARNING - nfe_importer - [INFO] 0 produto(s) estão com status *QUARENTENA*.
2025-10-13 14:28:17,375 - WARNING - database - [ALERTA] Conexão com o banco de dados finalizada.
2025-10-13 14:28:52,269 - WARNING - database - [ALERTA] Conexão com banco de dados iniciada.
2025-10-13 14:28:58,727 - WARNING - nfe_importer - [INFO] 32 produto(s) estão com status *ATIVOS*.
2025-10-13 14:28:58,728 - WARNING - nfe_importer - [INFO] 1 produto(s) estão com status *QUARENTENA*.
2025-10-13 14:28:58,728 - WARNING - nfe_importer - [ALERTA] O sistema recomenda verificar a integridade dos dados dos produtos em Quarentena.
2025-10-13 14:29:01,894 - WARNING - database - [ALERTA] Conexão com o banco de dados finalizada.
2025-10-16 17:09:07,603 - WARNING - database - [ALERTA] Conexão com banco de dados iniciada.
2025-10-16 17:09:07,608 - ERROR - database - [ERRO] Um erro inesperado foi detectado, para preservar a integridade do banco de dados as alterações não foram efetivadas. Detalhes: <class 'sqlite3.OperationalError'>
2025-10-16 17:09:07,608 - WARNING - database - [ALERTA] Conexão com o banco de dados finalizada.
2025-10-16 17:09:07,609 - ERROR - main - [FATAL ERROR] :: Ocorreu um erro inesperado e a operação não pode ser concluída. O programa será finalizado.
2025-10-16 17:09:07,609 - ERROR - main - [FATAL ERROR] :: Verifique o log de erros para mais detalhes. near "CREATE": syntax error
2025-10-16 17:10:15,381 - WARNING - database - [ALERTA] Conexão com banco de dados iniciada.
2025-10-16 17:10:15,382 - ERROR - database - [ERRO] Um erro inesperado foi detectado, para preservar a integridade do banco de dados as alterações não foram efetivadas. Detalhes: <class 'sqlite3.OperationalError'>
2025-10-16 17:10:15,383 - WARNING - database - [ALERTA] Conexão com o banco de dados finalizada.
2025-10-16 17:10:15,383 - ERROR - main - [FATAL ERROR] :: Ocorreu um erro inesperado e a operação não pode ser concluída. O programa será finalizado.
2025-10-16 17:10:15,383 - ERROR - main - [FATAL ERROR] :: Verifique o log de erros para mais detalhes. near "CREATE": syntax error
2025-10-16 17:10:31,715 - WARNING - database - [ALERTA] Conexão com banco de dados iniciada.
2025-10-16 17:10:31,717 - ERROR - database - [ERRO] Um erro inesperado foi detectado, para preservar a integridade do banco de dados as alterações não foram efetivadas. Detalhes: <class 'sqlite3.OperationalError'>
2025-10-16 17:10:31,717 - WARNING - database - [ALERTA] Conexão com o banco de dados finalizada.
2025-10-16 17:10:31,718 - ERROR - main - [FATAL ERROR] :: Ocorreu um erro inesperado e a operação não pode ser concluída. O programa será finalizado.
2025-10-16 17:10:31,718 - ERROR - main - [FATAL ERROR] :: Verifique o log de erros para mais detalhes. near "CREATE": syntax error
2025-10-16 17:10:39,243 - WARNING - database - [ALERTA] Conexão com banco de dados iniciada.
2025-10-16 17:10:39,245 - ERROR - database - [ERRO] Um erro inesperado foi detectado, para preservar a integridade do banco de dados as alterações não foram efetivadas. Detalhes: <class 'sqlite3.OperationalError'>
2025-10-16 17:10:39,246 - WARNING - database - [ALERTA] Conexão com o banco de dados finalizada.
2025-10-16 17:10:39,246 - ERROR - main - [FATAL ERROR] :: Ocorreu um erro inesperado e a operação não pode ser concluída. O programa será finalizado.
2025-10-16 17:10:39,246 - ERROR - main - [FATAL ERROR] :: Verifique o log de erros para mais detalhes. near "CREATE": syntax error
2025-10-16 17:12:24,149 - WARNING - database - [ALERTA] Conexão com banco de dados iniciada.
2025-10-16 17:12:24,150 - ERROR - database - [ERRO] Um erro inesperado foi detectado, para preservar a integridade do banco de dados as alterações não foram efetivadas. Detalhes: <class 'sqlite3.OperationalError'>
2025-10-16 17:12:24,151 - WARNING - database - [ALERTA] Conexão com o banco de dados finalizada.
2025-10-16 17:12:24,152 - ERROR - main - [FATAL ERROR] :: Ocorreu um erro inesperado e a operação não pode ser concluída. O programa será finalizado.
2025-10-16 17:12:24,152 - ERROR - main - [FATAL ERROR] :: Verifique o log de erros para mais detalhes. near "CREATE": syntax error
2025-10-16 17:14:32,354 - WARNING - database - [ALERTA] Conexão com banco de dados iniciada.
2025-10-16 17:14:32,356 - ERROR - database - [ERRO] Um erro inesperado foi detectado, para preservar a integridade do banco de dados as alterações não foram efetivadas. Detalhes: <class 'sqlite3.OperationalError'>
2025-10-16 17:14:32,356 - WARNING - database - [ALERTA] Conexão com o banco de dados finalizada.
2025-10-16 17:14:32,357 - ERROR - main - [FATAL ERROR] :: Ocorreu um erro inesperado e a operação não pode ser concluída. O programa será finalizado.
2025-10-16 17:14:32,357 - ERROR - main - [FATAL ERROR] :: Verifique o log de erros para mais detalhes. near "CREATE": syntax error
2025-10-16 17:17:16,208 - WARNING - database - [ALERTA] Conexão com banco de dados iniciada.
2025-10-16 17:17:16,210 - ERROR - database - [ERRO] Um erro inesperado foi detectado, para preservar a integridade do banco de dados as alterações não foram efetivadas. Detalhes: <class 'sqlite3.OperationalError'>
2025-10-16 17:17:16,210 - WARNING - database - [ALERTA] Conexão com o banco de dados finalizada.
2025-10-16 17:17:16,211 - ERROR - main - [FATAL ERROR] :: Ocorreu um erro inesperado e a operação não pode ser concluída. O programa será finalizado.
2025-10-16 17:17:16,211 - ERROR - main - [FATAL ERROR] :: Verifique o log de erros para mais detalhes. near "CREATE": syntax error
2025-10-16 17:22:55,791 - WARNING - database - [ALERTA] Conexão com banco de dados iniciada.
2025-10-16 17:23:01,808 - WARNING - nfe_importer - [INFO] 33 produto(s) estão com status *ATIVOS*.
2025-10-16 17:23:01,808 - WARNING - nfe_importer - [INFO] 0 produto(s) estão com status *QUARENTENA*.
2025-10-16 17:23:13,848 - ERROR - product_repository - [ERRO] Unexpected erro is ocurred. Verify the log: near ")": syntax error
2025-10-16 17:23:13,849 - ERROR - product_repository - [ERRO] Unexpected erro is ocurred. Verify the log: near ")": syntax error
2025-10-16 17:23:13,849 - ERROR - product_repository - [ERRO] Unexpected erro is ocurred. Verify the log: near ")": syntax error
2025-10-16 17:23:13,849 - ERROR - product_repository - [ERRO] Unexpected erro is ocurred. Verify the log: near ")": syntax error
2025-10-16 17:23:13,850 - ERROR - product_repository - [ERRO] Unexpected erro is ocurred. Verify the log: near ")": syntax error
2025-10-16 17:23:13,850 - ERROR - product_repository - [ERRO] Unexpected erro is ocurred. Verify the log: near ")": syntax error
2025-10-16 17:23:13,850 - ERROR - product_repository - [ERRO] Unexpected erro is ocurred. Verify the log: near ")": syntax error
2025-10-16 17:23:13,850 - ERROR - product_repository - [ERRO] Unexpected erro is ocurred. Verify the log: near ")": syntax error
2025-10-16 17:23:13,851 - ERROR - product_repository - [ERRO] Unexpected erro is ocurred. Verify the log: near ")": syntax error
2025-10-16 17:23:13,851 - ERROR - product_repository - [ERRO] Unexpected erro is ocurred. Verify the log: near ")": syntax error
2025-10-16 17:23:13,851 - ERROR - product_repository - [ERRO] Unexpected erro is ocurred. Verify the log: near ")": syntax error
2025-10-16 17:23:13,852 - ERROR - product_repository - [ERRO] Unexpected erro is ocurred. Verify the log: near ")": syntax error
2025-10-16 17:23:13,852 - ERROR - product_repository - [ERRO] Unexpected erro is ocurred. Verify the log: near ")": syntax error
2025-10-16 17:23:13,852 - ERROR - product_repository - [ERRO] Unexpected erro is ocurred. Verify the log: near ")": syntax error
2025-10-16 17:23:13,853 - ERROR - product_repository - [ERRO] Unexpected erro is ocurred. Verify the log: near ")": syntax error
2025-10-16 17:23:13,853 - ERROR - product_repository - [ERRO] Unexpected erro is ocurred. Verify the log: near ")": syntax error
2025-10-16 17:23:13,853 - ERROR - product_repository - [ERRO] Unexpected erro is ocurred. Verify the log: near ")": syntax error
2025-10-16 17:23:13,854 - ERROR - product_repository - [ERRO] Unexpected erro is ocurred. Verify the log: near ")": syntax error
2025-10-16 17:23:13,854 - ERROR - product_repository - [ERRO] Unexpected erro is ocurred. Verify the log: near ")": syntax error
2025-10-16 17:23:13,854 - ERROR - product_repository - [ERRO] Unexpected erro is ocurred. Verify the log: near ")": syntax error
2025-10-16 17:23:13,855 - ERROR - product_repository - [ERRO] Unexpected erro is ocurred. Verify the log: near ")": syntax error
2025-10-16 17:23:13,855 - ERROR - product_repository - [ERRO] Unexpected erro is ocurred. Verify the log: near ")": syntax error
2025-10-16 17:23:13,855 - ERROR - product_repository - [ERRO] Unexpected erro is ocurred. Verify the log: near ")": syntax error
2025-10-16 17:23:13,855 - ERROR - product_repository - [ERRO] Unexpected erro is ocurred. Verify the log: near ")": syntax error
2025-10-16 17:23:13,857 - WARNING - nfe_importer - [INFO] 0 produto(s) estão com status *ATIVOS*.
2025-10-16 17:23:13,857 - WARNING - nfe_importer - [INFO] 0 produto(s) estão com status *QUARENTENA*.
2025-10-16 17:23:21,595 - ERROR - main - [ERRO] Opção inválida. Tente novamente
2025-10-16 17:23:25,474 - WARNING - nfe_importer - [INFO] 32 produto(s) estão com status *ATIVOS*.
2025-10-16 17:23:25,474 - WARNING - nfe_importer - [INFO] 1 produto(s) estão com status *QUARENTENA*.
2025-10-16 17:23:25,475 - WARNING - nfe_importer - [ALERTA] O sistema recomenda verificar a integridade dos dados dos produtos em Quarentena.
2025-10-16 17:23:28,112 - WARNING - database - [ALERTA] Conexão com o banco de dados finalizada.
2025-10-16 17:23:58,501 - WARNING - database - [ALERTA] Conexão com banco de dados iniciada.
2025-10-16 17:24:06,764 - ERROR - product_repository - [ERRO] Unexpected erro is ocurred. Verify the log: near ")": syntax error
2025-10-16 17:24:06,764 - ERROR - product_repository - [ERRO] Unexpected erro is ocurred. Verify the log: near ")": syntax error
2025-10-16 17:24:06,764 - ERROR - product_repository - [ERRO] Unexpected erro is ocurred. Verify the log: near ")": syntax error
2025-10-16 17:24:06,765 - ERROR - product_repository - [ERRO] Unexpected erro is ocurred. Verify the log: near ")": syntax error
2025-10-16 17:24:06,765 - ERROR - product_repository - [ERRO] Unexpected erro is ocurred. Verify the log: near ")": syntax error
2025-10-16 17:24:06,765 - ERROR - product_repository - [ERRO] Unexpected erro is ocurred. Verify the log: near ")": syntax error
2025-10-16 17:24:06,765 - ERROR - product_repository - [ERRO] Unexpected erro is ocurred. Verify the log: near ")": syntax error
2025-10-16 17:24:06,766 - ERROR - product_repository - [ERRO] Unexpected erro is ocurred. Verify the log: near ")": syntax error
2025-10-16 17:24:06,766 - ERROR - product_repository - [ERRO] Unexpected erro is ocurred. Verify the log: near ")": syntax error
2025-10-16 17:24:06,766 - ERROR - product_repository - [ERRO] Unexpected erro is ocurred. Verify the log: near ")": syntax error
2025-10-16 17:24:06,766 - ERROR - product_repository - [ERRO] Unexpected erro is ocurred. Verify the log: near ")": syntax error
2025-10-16 17:24:06,767 - ERROR - product_repository - [ERRO] Unexpected erro is ocurred. Verify the log: near ")": syntax error
2025-10-16 17:24:06,767 - ERROR - product_repository - [ERRO] Unexpected erro is ocurred. Verify the log: near ")": syntax error
2025-10-16 17:24:06,767 - ERROR - product_repository - [ERRO] Unexpected erro is ocurred. Verify the log: near ")": syntax error
2025-10-16 17:24:06,767 - ERROR - product_repository - [ERRO] Unexpected erro is ocurred. Verify the log: near ")": syntax error
2025-10-16 17:24:06,768 - ERROR - product_repository - [ERRO] Unexpected erro is ocurred. Verify the log: near ")": syntax error
2025-10-16 17:24:06,768 - ERROR - product_repository - [ERRO] Unexpected erro is ocurred. Verify the log: near ")": syntax error
2025-10-16 17:24:06,768 - ERROR - product_repository - [ERRO] Unexpected erro is ocurred. Verify the log: near ")": syntax error
2025-10-16 17:24:06,768 - ERROR - product_repository - [ERRO] Unexpected erro is ocurred. Verify the log: near ")": syntax error
2025-10-16 17:24:06,769 - ERROR - product_repository - [ERRO] Unexpected erro is ocurred. Verify the log: near ")": syntax error
2025-10-16 17:24:06,769 - ERROR - product_repository - [ERRO] Unexpected erro is ocurred. Verify the log: near ")": syntax error
2025-10-16 17:24:06,769 - ERROR - product_repository - [ERRO] Unexpected erro is ocurred. Verify the log: near ")": syntax error
2025-10-16 17:24:06,769 - ERROR - product_repository - [ERRO] Unexpected erro is ocurred. Verify the log: near ")": syntax error
2025-10-16 17:24:06,770 - ERROR - product_repository - [ERRO] Unexpected erro is ocurred. Verify the log: near ")": syntax error
2025-10-16 17:24:06,770 - ERROR - product_repository - [ERRO] Unexpected erro is ocurred. Verify the log: near ")": syntax error
2025-10-16 17:24:06,770 - ERROR - product_repository - [ERRO] Unexpected erro is ocurred. Verify the log: near ")": syntax error
2025-10-16 17:24:06,770 - ERROR - product_repository - [ERRO] Unexpected erro is ocurred. Verify the log: near ")": syntax error
2025-10-16 17:24:06,770 - ERROR - product_repository - [ERRO] Unexpected erro is ocurred. Verify the log: near ")": syntax error
2025-10-16 17:24:06,771 - ERROR - product_repository - [ERRO] Unexpected erro is ocurred. Verify the log: near ")": syntax error
2025-10-16 17:24:06,771 - ERROR - product_repository - [ERRO] Unexpected erro is ocurred. Verify the log: near ")": syntax error
2025-10-16 17:24:06,771 - ERROR - product_repository - [ERRO] Unexpected erro is ocurred. Verify the log: near ")": syntax error
2025-10-16 17:24:06,771 - ERROR - product_repository - [ERRO] Unexpected erro is ocurred. Verify the log: near ")": syntax error
2025-10-16 17:24:06,771 - ERROR - product_repository - [ERRO] Unexpected erro is ocurred. Verify the log: near ")": syntax error
2025-10-16 17:24:06,772 - WARNING - nfe_importer - [INFO] 0 produto(s) estão com status *ATIVOS*.
2025-10-16 17:24:06,772 - WARNING - nfe_importer - [INFO] 0 produto(s) estão com status *QUARENTENA*.
2025-10-16 17:24:17,655 - ERROR - product_repository - [ERRO] Unexpected erro is ocurred. Verify the log: near ")": syntax error
2025-10-16 17:24:17,655 - ERROR - product_repository - [ERRO] Unexpected erro is ocurred. Verify the log: near ")": syntax error
2025-10-16 17:24:17,656 - ERROR - product_repository - [ERRO] Unexpected erro is ocurred. Verify the log: near ")": syntax error
2025-10-16 17:24:17,656 - ERROR - product_repository - [ERRO] Unexpected erro is ocurred. Verify the log: near ")": syntax error
2025-10-16 17:24:17,656 - ERROR - product_repository - [ERRO] Unexpected erro is ocurred. Verify the log: near ")": syntax error
2025-10-16 17:24:17,657 - ERROR - product_repository - [ERRO] Unexpected erro is ocurred. Verify the log: near ")": syntax error
2025-10-16 17:24:17,657 - ERROR - product_repository - [ERRO] Unexpected erro is ocurred. Verify the log: near ")": syntax error
2025-10-16 17:24:17,657 - ERROR - product_repository - [ERRO] Unexpected erro is ocurred. Verify the log: near ")": syntax error
2025-10-16 17:24:17,658 - ERROR - product_repository - [ERRO] Unexpected erro is ocurred. Verify the log: near ")": syntax error
2025-10-16 17:24:17,658 - ERROR - product_repository - [ERRO] Unexpected erro is ocurred. Verify the log: near ")": syntax error
2025-10-16 17:24:17,659 - ERROR - product_repository - [ERRO] Unexpected erro is ocurred. Verify the log: near ")": syntax error
2025-10-16 17:24:17,659 - ERROR - product_repository - [ERRO] Unexpected erro is ocurred. Verify the log: near ")": syntax error
2025-10-16 17:24:17,659 - ERROR - product_repository - [ERRO] Unexpected erro is ocurred. Verify the log: near ")": syntax error
2025-10-16 17:24:17,660 - ERROR - product_repository - [ERRO] Unexpected erro is ocurred. Verify the log: near ")": syntax error
2025-10-16 17:24:17,660 - ERROR - product_repository - [ERRO] Unexpected erro is ocurred. Verify the log: near ")": syntax error
2025-10-16 17:24:17,661 - ERROR - product_repository - [ERRO] Unexpected erro is ocurred. Verify the log: near ")": syntax error
2025-10-16 17:24:17,661 - ERROR - product_repository - [ERRO] Unexpected erro is ocurred. Verify the log: near ")": syntax error
2025-10-16 17:24:17,661 - ERROR - product_repository - [ERRO] Unexpected erro is ocurred. Verify the log: near ")": syntax error
2025-10-16 17:24:17,661 - ERROR - product_repository - [ERRO] Unexpected erro is ocurred. Verify the log: near ")": syntax error
2025-10-16 17:24:17,662 - ERROR - product_repository - [ERRO] Unexpected erro is ocurred. Verify the log: near ")": syntax error
2025-10-16 17:24:17,662 - ERROR - product_repository - [ERRO] Unexpected erro is ocurred. Verify the log: near ")": syntax error
2025-10-16 17:24:17,662 - ERROR - product_repository - [ERRO] Unexpected erro is ocurred. Verify the log: near ")": syntax error
2025-10-16 17:24:17,662 - ERROR - product_repository - [ERRO] Unexpected erro is ocurred. Verify the log: near ")": syntax error
2025-10-16 17:24:17,663 - ERROR - product_repository - [ERRO] Unexpected erro is ocurred. Verify the log: near ")": syntax error
2025-10-16 17:24:17,663 - ERROR - product_repository - [ERRO] Unexpected erro is ocurred. Verify the log: near ")": syntax error
2025-10-16 17:24:17,663 - ERROR - product_repository - [ERRO] Unexpected erro is ocurred. Verify the log: near ")": syntax error
2025-10-16 17:24:17,663 - ERROR - product_repository - [ERRO] Unexpected erro is ocurred. Verify the log: near ")": syntax error
2025-10-16 17:24:17,664 - ERROR - product_repository - [ERRO] Unexpected erro is ocurred. Verify the log: near ")": syntax error
2025-10-16 17:24:17,664 - ERROR - product_repository - [ERRO] Unexpected erro is ocurred. Verify the log: near ")": syntax error
2025-10-16 17:24:17,664 - ERROR - product_repository - [ERRO] Unexpected erro is ocurred. Verify the log: near ")": syntax error
2025-10-16 17:24:17,664 - ERROR - product_repository - [ERRO] Unexpected erro is ocurred. Verify the log: near ")": syntax error
2025-10-16 17:24:17,665 - ERROR - product_repository - [ERRO] Unexpected erro is ocurred. Verify the log: near ")": syntax error
2025-10-16 17:24:17,665 - ERROR - product_repository - [ERRO] Unexpected erro is ocurred. Verify the log: near ")": syntax error
2025-10-16 17:24:17,666 - WARNING - nfe_importer - [INFO] 0 produto(s) estão com status *ATIVOS*.
2025-10-16 17:24:17,666 - WARNING - nfe_importer - [INFO] 0 produto(s) estão com status *QUARENTENA*.
2025-10-16 17:24:27,815 - ERROR - product_repository - [ERRO] Unexpected erro is ocurred. Verify the log: near ")": syntax error
2025-10-16 17:24:27,815 - ERROR - product_repository - [ERRO] Unexpected erro is ocurred. Verify the log: near ")": syntax error
2025-10-16 17:24:27,815 - ERROR - product_repository - [ERRO] Unexpected erro is ocurred. Verify the log: near ")": syntax error
2025-10-16 17:24:27,816 - ERROR - product_repository - [ERRO] Unexpected erro is ocurred. Verify the log: near ")": syntax error
2025-10-16 17:24:27,816 - ERROR - product_repository - [ERRO] Unexpected erro is ocurred. Verify the log: near ")": syntax error
2025-10-16 17:24:27,817 - ERROR - product_repository - [ERRO] Unexpected erro is ocurred. Verify the log: near ")": syntax error
2025-10-16 17:24:27,817 - ERROR - product_repository - [ERRO] Unexpected erro is ocurred. Verify the log: near ")": syntax error
2025-10-16 17:24:27,817 - ERROR - product_repository - [ERRO] Unexpected erro is ocurred. Verify the log: near ")": syntax error
2025-10-16 17:24:27,818 - ERROR - product_repository - [ERRO] Unexpected erro is ocurred. Verify the log: near ")": syntax error
2025-10-16 17:24:27,818 - ERROR - product_repository - [ERRO] Unexpected erro is ocurred. Verify the log: near ")": syntax error
2025-10-16 17:24:27,818 - ERROR - product_repository - [ERRO] Unexpected erro is ocurred. Verify the log: near ")": syntax error
2025-10-16 17:24:27,819 - ERROR - product_repository - [ERRO] Unexpected erro is ocurred. Verify the log: near ")": syntax error
2025-10-16 17:24:27,819 - ERROR - product_repository - [ERRO] Unexpected erro is ocurred. Verify the log: near ")": syntax error
2025-10-16 17:24:27,819 - ERROR - product_repository - [ERRO] Unexpected erro is ocurred. Verify the log: near ")": syntax error
2025-10-16 17:24:27,820 - ERROR - product_repository - [ERRO] Unexpected erro is ocurred. Verify the log: near ")": syntax error
2025-10-16 17:24:27,820 - ERROR - product_repository - [ERRO] Unexpected erro is ocurred. Verify the log: near ")": syntax error
2025-10-16 17:24:27,820 - ERROR - product_repository - [ERRO] Unexpected erro is ocurred. Verify the log: near ")": syntax error
2025-10-16 17:24:27,821 - ERROR - product_repository - [ERRO] Unexpected erro is ocurred. Verify the log: near ")": syntax error
2025-10-16 17:24:27,821 - ERROR - product_repository - [ERRO] Unexpected erro is ocurred. Verify the log: near ")": syntax error
2025-10-16 17:24:27,821 - ERROR - product_repository - [ERRO] Unexpected erro is ocurred. Verify the log: near ")": syntax error
2025-10-16 17:24:27,822 - ERROR - product_repository - [ERRO] Unexpected erro is ocurred. Verify the log: near ")": syntax error
2025-10-16 17:24:27,822 - ERROR - product_repository - [ERRO] Unexpected erro is ocurred. Verify the log: near ")": syntax error
2025-10-16 17:24:27,823 - ERROR - product_repository - [ERRO] Unexpected erro is ocurred. Verify the log: near ")": syntax error
2025-10-16 17:24:27,823 - ERROR - product_repository - [ERRO] Unexpected erro is ocurred. Verify the log: near ")": syntax error
2025-10-16 17:24:27,823 - ERROR - product_repository - [ERRO] Unexpected erro is ocurred. Verify the log: near ")": syntax error
2025-10-16 17:24:27,824 - ERROR - product_repository - [ERRO] Unexpected erro is ocurred. Verify the log: near ")": syntax error
2025-10-16 17:24:27,824 - ERROR - product_repository - [ERRO] Unexpected erro is ocurred. Verify the log: near ")": syntax error
2025-10-16 17:24:27,824 - ERROR - product_repository - [ERRO] Unexpected erro is ocurred. Verify the log: near ")": syntax error
2025-10-16 17:24:27,825 - ERROR - product_repository - [ERRO] Unexpected erro is ocurred. Verify the log: near ")": syntax error
2025-10-16 17:24:27,825 - ERROR - product_repository - [ERRO] Unexpected erro is ocurred. Verify the log: near ")": syntax error
2025-10-16 17:24:27,825 - ERROR - product_repository - [ERRO] Unexpected erro is ocurred. Verify the log: near ")": syntax error
2025-10-16 17:24:27,825 - ERROR - product_repository - [ERRO] Unexpected erro is ocurred. Verify the log: near ")": syntax error
2025-10-16 17:24:27,826 - ERROR - product_repository - [ERRO] Unexpected erro is ocurred. Verify the log: near ")": syntax error
2025-10-16 17:24:27,827 - WARNING - nfe_importer - [INFO] 0 produto(s) estão com status *ATIVOS*.
2025-10-16 17:24:27,827 - WARNING - nfe_importer - [INFO] 0 produto(s) estão com status *QUARENTENA*.
2025-10-16 17:24:30,209 - WARNING - database - [ALERTA] Conexão com o banco de dados finalizada.
